2022-04-13 22:18:10.046  INFO 7960 --- [main] mao.ajax_request.AjaxRequestApplication  : Starting AjaxRequestApplication using Java 16.0.2 on mao with PID 7960 (H:\程序\大三下期\ajax请求\target\classes started by mao in H:\程序\大三下期\ajax请求)
2022-04-13 22:18:10.049 DEBUG 7960 --- [main] mao.ajax_request.AjaxRequestApplication  : Running with Spring Boot v2.6.6, Spring v5.3.18
2022-04-13 22:18:10.050  INFO 7960 --- [main] mao.ajax_request.AjaxRequestApplication  : The following 1 profile is active: "dev"
2022-04-13 22:18:10.694  INFO 7960 --- [main] o.s.b.w.embedded.tomcat.TomcatWebServer  : Tomcat initialized with port(s): 8080 (http)
2022-04-13 22:18:10.701  INFO 7960 --- [main] o.apache.catalina.core.StandardService   : Starting service [Tomcat]
2022-04-13 22:18:10.702  INFO 7960 --- [main] org.apache.catalina.core.StandardEngine  : Starting Servlet engine: [Apache Tomcat/9.0.60]
2022-04-13 22:18:10.772  INFO 7960 --- [main] o.a.c.c.C.[Tomcat].[localhost].[/]       : Initializing Spring embedded WebApplicationContext
2022-04-13 22:18:10.772  INFO 7960 --- [main] w.s.c.ServletWebServerApplicationContext : Root WebApplicationContext: initialization completed in 678 ms
2022-04-13 22:18:11.001  INFO 7960 --- [main] o.s.b.w.embedded.tomcat.TomcatWebServer  : Tomcat started on port(s): 8080 (http) with context path ''
2022-04-13 22:18:11.011  INFO 7960 --- [main] mao.ajax_request.AjaxRequestApplication  : Started AjaxRequestApplication in 1.284 seconds (JVM running for 1.71)
2022-04-13 22:18:14.581  INFO 7960 --- [http-nio-8080-exec-1] o.a.c.c.C.[Tomcat].[localhost].[/]       : Initializing Spring DispatcherServlet 'dispatcherServlet'
2022-04-13 22:18:14.582  INFO 7960 --- [http-nio-8080-exec-1] o.s.web.servlet.DispatcherServlet        : Initializing Servlet 'dispatcherServlet'
2022-04-13 22:18:14.582  INFO 7960 --- [http-nio-8080-exec-1] o.s.web.servlet.DispatcherServlet        : Completed initialization in 0 ms
2022-04-13 22:18:32.183  INFO 10720 --- [main] mao.ajax_request.AjaxRequestApplication  : Starting AjaxRequestApplication using Java 16.0.2 on mao with PID 10720 (H:\程序\大三下期\ajax请求\target\classes started by mao in H:\程序\大三下期\ajax请求)
2022-04-13 22:18:32.185 DEBUG 10720 --- [main] mao.ajax_request.AjaxRequestApplication  : Running with Spring Boot v2.6.6, Spring v5.3.18
2022-04-13 22:18:32.186  INFO 10720 --- [main] mao.ajax_request.AjaxRequestApplication  : The following 1 profile is active: "dev"
2022-04-13 22:18:32.763  INFO 10720 --- [main] o.s.b.w.embedded.tomcat.TomcatWebServer  : Tomcat initialized with port(s): 8080 (http)
2022-04-13 22:18:32.770  INFO 10720 --- [main] o.apache.catalina.core.StandardService   : Starting service [Tomcat]
2022-04-13 22:18:32.770  INFO 10720 --- [main] org.apache.catalina.core.StandardEngine  : Starting Servlet engine: [Apache Tomcat/9.0.60]
2022-04-13 22:18:32.839  INFO 10720 --- [main] o.a.c.c.C.[Tomcat].[localhost].[/]       : Initializing Spring embedded WebApplicationContext
2022-04-13 22:18:32.839  INFO 10720 --- [main] w.s.c.ServletWebServerApplicationContext : Root WebApplicationContext: initialization completed in 617 ms
2022-04-13 22:18:33.063  INFO 10720 --- [main] o.s.b.w.embedded.tomcat.TomcatWebServer  : Tomcat started on port(s): 8080 (http) with context path ''
2022-04-13 22:18:33.072  INFO 10720 --- [main] mao.ajax_request.AjaxRequestApplication  : Started AjaxRequestApplication in 1.234 seconds (JVM running for 1.671)
2022-04-13 22:18:33.132  INFO 10720 --- [http-nio-8080-exec-1] o.a.c.c.C.[Tomcat].[localhost].[/]       : Initializing Spring DispatcherServlet 'dispatcherServlet'
2022-04-13 22:18:33.132  INFO 10720 --- [http-nio-8080-exec-1] o.s.web.servlet.DispatcherServlet        : Initializing Servlet 'dispatcherServlet'
2022-04-13 22:18:33.133  INFO 10720 --- [http-nio-8080-exec-1] o.s.web.servlet.DispatcherServlet        : Completed initialization in 1 ms
2022-04-13 22:20:46.136  INFO 14560 --- [main] mao.ajax_request.AjaxRequestApplication  : Starting AjaxRequestApplication using Java 16.0.2 on mao with PID 14560 (H:\程序\大三下期\ajax请求\target\classes started by mao in H:\程序\大三下期\ajax请求)
2022-04-13 22:20:46.139 DEBUG 14560 --- [main] mao.ajax_request.AjaxRequestApplication  : Running with Spring Boot v2.6.6, Spring v5.3.18
2022-04-13 22:20:46.139  INFO 14560 --- [main] mao.ajax_request.AjaxRequestApplication  : The following 1 profile is active: "dev"
2022-04-13 22:20:46.722  INFO 14560 --- [main] o.s.b.w.embedded.tomcat.TomcatWebServer  : Tomcat initialized with port(s): 8080 (http)
2022-04-13 22:20:46.728  INFO 14560 --- [main] o.apache.catalina.core.StandardService   : Starting service [Tomcat]
2022-04-13 22:20:46.728  INFO 14560 --- [main] org.apache.catalina.core.StandardEngine  : Starting Servlet engine: [Apache Tomcat/9.0.60]
2022-04-13 22:20:46.795  INFO 14560 --- [main] o.a.c.c.C.[Tomcat].[localhost].[/]       : Initializing Spring embedded WebApplicationContext
2022-04-13 22:20:46.796  INFO 14560 --- [main] w.s.c.ServletWebServerApplicationContext : Root WebApplicationContext: initialization completed in 619 ms
2022-04-13 22:20:47.020  INFO 14560 --- [main] o.s.b.w.embedded.tomcat.TomcatWebServer  : Tomcat started on port(s): 8080 (http) with context path ''
2022-04-13 22:20:47.029  INFO 14560 --- [main] mao.ajax_request.AjaxRequestApplication  : Started AjaxRequestApplication in 1.203 seconds (JVM running for 1.635)
2022-04-13 22:20:54.100  INFO 14560 --- [http-nio-8080-exec-1] o.a.c.c.C.[Tomcat].[localhost].[/]       : Initializing Spring DispatcherServlet 'dispatcherServlet'
2022-04-13 22:20:54.101  INFO 14560 --- [http-nio-8080-exec-1] o.s.web.servlet.DispatcherServlet        : Initializing Servlet 'dispatcherServlet'
2022-04-13 22:20:54.101  INFO 14560 --- [http-nio-8080-exec-1] o.s.web.servlet.DispatcherServlet        : Completed initialization in 0 ms
2022-04-13 22:21:42.976  INFO 17496 --- [main] mao.ajax_request.AjaxRequestApplication  : Starting AjaxRequestApplication using Java 16.0.2 on mao with PID 17496 (H:\程序\大三下期\ajax请求\target\classes started by mao in H:\程序\大三下期\ajax请求)
2022-04-13 22:21:42.979 DEBUG 17496 --- [main] mao.ajax_request.AjaxRequestApplication  : Running with Spring Boot v2.6.6, Spring v5.3.18
2022-04-13 22:21:42.980  INFO 17496 --- [main] mao.ajax_request.AjaxRequestApplication  : The following 1 profile is active: "dev"
2022-04-13 22:21:43.549  INFO 17496 --- [main] o.s.b.w.embedded.tomcat.TomcatWebServer  : Tomcat initialized with port(s): 8080 (http)
2022-04-13 22:21:43.556  INFO 17496 --- [main] o.apache.catalina.core.StandardService   : Starting service [Tomcat]
2022-04-13 22:21:43.556  INFO 17496 --- [main] org.apache.catalina.core.StandardEngine  : Starting Servlet engine: [Apache Tomcat/9.0.60]
2022-04-13 22:21:43.623  INFO 17496 --- [main] o.a.c.c.C.[Tomcat].[localhost].[/]       : Initializing Spring embedded WebApplicationContext
2022-04-13 22:21:43.624  INFO 17496 --- [main] w.s.c.ServletWebServerApplicationContext : Root WebApplicationContext: initialization completed in 604 ms
2022-04-13 22:21:43.856  INFO 17496 --- [main] o.s.b.w.embedded.tomcat.TomcatWebServer  : Tomcat started on port(s): 8080 (http) with context path ''
2022-04-13 22:21:43.864  INFO 17496 --- [main] mao.ajax_request.AjaxRequestApplication  : Started AjaxRequestApplication in 1.205 seconds (JVM running for 1.633)
2022-04-13 22:21:46.944  INFO 17496 --- [http-nio-8080-exec-1] o.a.c.c.C.[Tomcat].[localhost].[/]       : Initializing Spring DispatcherServlet 'dispatcherServlet'
2022-04-13 22:21:46.944  INFO 17496 --- [http-nio-8080-exec-1] o.s.web.servlet.DispatcherServlet        : Initializing Servlet 'dispatcherServlet'
2022-04-13 22:21:46.945  INFO 17496 --- [http-nio-8080-exec-1] o.s.web.servlet.DispatcherServlet        : Completed initialization in 1 ms
2022-04-13 22:22:05.332  INFO 19148 --- [main] mao.ajax_request.AjaxRequestApplication  : Starting AjaxRequestApplication using Java 16.0.2 on mao with PID 19148 (H:\程序\大三下期\ajax请求\target\classes started by mao in H:\程序\大三下期\ajax请求)
2022-04-13 22:22:05.334 DEBUG 19148 --- [main] mao.ajax_request.AjaxRequestApplication  : Running with Spring Boot v2.6.6, Spring v5.3.18
2022-04-13 22:22:05.334  INFO 19148 --- [main] mao.ajax_request.AjaxRequestApplication  : The following 1 profile is active: "dev"
2022-04-13 22:22:05.911  INFO 19148 --- [main] o.s.b.w.embedded.tomcat.TomcatWebServer  : Tomcat initialized with port(s): 8080 (http)
2022-04-13 22:22:05.918  INFO 19148 --- [main] o.apache.catalina.core.StandardService   : Starting service [Tomcat]
2022-04-13 22:22:05.919  INFO 19148 --- [main] org.apache.catalina.core.StandardEngine  : Starting Servlet engine: [Apache Tomcat/9.0.60]
2022-04-13 22:22:05.986  INFO 19148 --- [main] o.a.c.c.C.[Tomcat].[localhost].[/]       : Initializing Spring embedded WebApplicationContext
2022-04-13 22:22:05.987  INFO 19148 --- [main] w.s.c.ServletWebServerApplicationContext : Root WebApplicationContext: initialization completed in 614 ms
2022-04-13 22:22:06.213  INFO 19148 --- [main] o.s.b.w.embedded.tomcat.TomcatWebServer  : Tomcat started on port(s): 8080 (http) with context path ''
2022-04-13 22:22:06.221  INFO 19148 --- [main] mao.ajax_request.AjaxRequestApplication  : Started AjaxRequestApplication in 1.212 seconds (JVM running for 1.64)
2022-04-13 22:22:08.024  INFO 19148 --- [http-nio-8080-exec-1] o.a.c.c.C.[Tomcat].[localhost].[/]       : Initializing Spring DispatcherServlet 'dispatcherServlet'
2022-04-13 22:22:08.024  INFO 19148 --- [http-nio-8080-exec-1] o.s.web.servlet.DispatcherServlet        : Initializing Servlet 'dispatcherServlet'
2022-04-13 22:22:08.025  INFO 19148 --- [http-nio-8080-exec-1] o.s.web.servlet.DispatcherServlet        : Completed initialization in 1 ms
2022-04-13 22:24:36.103  INFO 11372 --- [main] mao.ajax_request.AjaxRequestApplication  : Starting AjaxRequestApplication using Java 16.0.2 on mao with PID 11372 (H:\程序\大三下期\ajax请求\target\classes started by mao in H:\程序\大三下期\ajax请求)
2022-04-13 22:24:36.105 DEBUG 11372 --- [main] mao.ajax_request.AjaxRequestApplication  : Running with Spring Boot v2.6.6, Spring v5.3.18
2022-04-13 22:24:36.106  INFO 11372 --- [main] mao.ajax_request.AjaxRequestApplication  : The following 1 profile is active: "dev"
2022-04-13 22:24:36.677  INFO 11372 --- [main] o.s.b.w.embedded.tomcat.TomcatWebServer  : Tomcat initialized with port(s): 8080 (http)
2022-04-13 22:24:36.683  INFO 11372 --- [main] o.apache.catalina.core.StandardService   : Starting service [Tomcat]
2022-04-13 22:24:36.683  INFO 11372 --- [main] org.apache.catalina.core.StandardEngine  : Starting Servlet engine: [Apache Tomcat/9.0.60]
2022-04-13 22:24:36.752  INFO 11372 --- [main] o.a.c.c.C.[Tomcat].[localhost].[/]       : Initializing Spring embedded WebApplicationContext
2022-04-13 22:24:36.752  INFO 11372 --- [main] w.s.c.ServletWebServerApplicationContext : Root WebApplicationContext: initialization completed in 607 ms
2022-04-13 22:24:36.972  INFO 11372 --- [main] o.s.b.w.embedded.tomcat.TomcatWebServer  : Tomcat started on port(s): 8080 (http) with context path ''
2022-04-13 22:24:36.981  INFO 11372 --- [main] mao.ajax_request.AjaxRequestApplication  : Started AjaxRequestApplication in 1.201 seconds (JVM running for 1.648)
2022-04-13 22:24:47.635  INFO 11372 --- [http-nio-8080-exec-1] o.a.c.c.C.[Tomcat].[localhost].[/]       : Initializing Spring DispatcherServlet 'dispatcherServlet'
2022-04-13 22:24:47.635  INFO 11372 --- [http-nio-8080-exec-1] o.s.web.servlet.DispatcherServlet        : Initializing Servlet 'dispatcherServlet'
2022-04-13 22:24:47.636  INFO 11372 --- [http-nio-8080-exec-1] o.s.web.servlet.DispatcherServlet        : Completed initialization in 1 ms
2022-04-13 22:39:47.430  INFO 12844 --- [main] mao.ajax_request.AjaxRequestApplication  : Starting AjaxRequestApplication using Java 16.0.2 on mao with PID 12844 (H:\程序\大三下期\ajax请求\target\classes started by mao in H:\程序\大三下期\ajax请求)
2022-04-13 22:39:47.433 DEBUG 12844 --- [main] mao.ajax_request.AjaxRequestApplication  : Running with Spring Boot v2.6.6, Spring v5.3.18
2022-04-13 22:39:47.433  INFO 12844 --- [main] mao.ajax_request.AjaxRequestApplication  : The following 1 profile is active: "dev"
2022-04-13 22:39:48.023  INFO 12844 --- [main] o.s.b.w.embedded.tomcat.TomcatWebServer  : Tomcat initialized with port(s): 8080 (http)
2022-04-13 22:39:48.030  INFO 12844 --- [main] o.apache.catalina.core.StandardService   : Starting service [Tomcat]
2022-04-13 22:39:48.030  INFO 12844 --- [main] org.apache.catalina.core.StandardEngine  : Starting Servlet engine: [Apache Tomcat/9.0.60]
2022-04-13 22:39:48.097  INFO 12844 --- [main] o.a.c.c.C.[Tomcat].[localhost].[/]       : Initializing Spring embedded WebApplicationContext
2022-04-13 22:39:48.097  INFO 12844 --- [main] w.s.c.ServletWebServerApplicationContext : Root WebApplicationContext: initialization completed in 626 ms
2022-04-13 22:39:48.326  INFO 12844 --- [main] o.s.b.w.embedded.tomcat.TomcatWebServer  : Tomcat started on port(s): 8080 (http) with context path ''
2022-04-13 22:39:48.335  INFO 12844 --- [main] mao.ajax_request.AjaxRequestApplication  : Started AjaxRequestApplication in 1.215 seconds (JVM running for 1.657)
2022-04-13 22:39:54.076  INFO 12844 --- [http-nio-8080-exec-1] o.a.c.c.C.[Tomcat].[localhost].[/]       : Initializing Spring DispatcherServlet 'dispatcherServlet'
2022-04-13 22:39:54.077  INFO 12844 --- [http-nio-8080-exec-1] o.s.web.servlet.DispatcherServlet        : Initializing Servlet 'dispatcherServlet'
2022-04-13 22:39:54.077  INFO 12844 --- [http-nio-8080-exec-1] o.s.web.servlet.DispatcherServlet        : Completed initialization in 0 ms
2022-04-13 22:40:46.818  INFO 18692 --- [main] mao.ajax_request.AjaxRequestApplication  : Starting AjaxRequestApplication using Java 16.0.2 on mao with PID 18692 (H:\程序\大三下期\ajax请求\target\classes started by mao in H:\程序\大三下期\ajax请求)
2022-04-13 22:40:46.820 DEBUG 18692 --- [main] mao.ajax_request.AjaxRequestApplication  : Running with Spring Boot v2.6.6, Spring v5.3.18
2022-04-13 22:40:46.821  INFO 18692 --- [main] mao.ajax_request.AjaxRequestApplication  : The following 1 profile is active: "dev"
2022-04-13 22:40:47.393  INFO 18692 --- [main] o.s.b.w.embedded.tomcat.TomcatWebServer  : Tomcat initialized with port(s): 8080 (http)
2022-04-13 22:40:47.400  INFO 18692 --- [main] o.apache.catalina.core.StandardService   : Starting service [Tomcat]
2022-04-13 22:40:47.401  INFO 18692 --- [main] org.apache.catalina.core.StandardEngine  : Starting Servlet engine: [Apache Tomcat/9.0.60]
2022-04-13 22:40:47.469  INFO 18692 --- [main] o.a.c.c.C.[Tomcat].[localhost].[/]       : Initializing Spring embedded WebApplicationContext
2022-04-13 22:40:47.469  INFO 18692 --- [main] w.s.c.ServletWebServerApplicationContext : Root WebApplicationContext: initialization completed in 613 ms
2022-04-13 22:40:47.685  INFO 18692 --- [main] o.s.b.w.embedded.tomcat.TomcatWebServer  : Tomcat started on port(s): 8080 (http) with context path ''
2022-04-13 22:40:47.694  INFO 18692 --- [main] mao.ajax_request.AjaxRequestApplication  : Started AjaxRequestApplication in 1.192 seconds (JVM running for 1.624)
2022-04-13 22:40:51.288  INFO 18692 --- [http-nio-8080-exec-1] o.a.c.c.C.[Tomcat].[localhost].[/]       : Initializing Spring DispatcherServlet 'dispatcherServlet'
2022-04-13 22:40:51.288  INFO 18692 --- [http-nio-8080-exec-1] o.s.web.servlet.DispatcherServlet        : Initializing Servlet 'dispatcherServlet'
2022-04-13 22:40:51.289  INFO 18692 --- [http-nio-8080-exec-1] o.s.web.servlet.DispatcherServlet        : Completed initialization in 1 ms
2022-04-13 22:41:16.784  INFO 14768 --- [main] mao.ajax_request.AjaxRequestApplication  : Starting AjaxRequestApplication using Java 16.0.2 on mao with PID 14768 (H:\程序\大三下期\ajax请求\target\classes started by mao in H:\程序\大三下期\ajax请求)
2022-04-13 22:41:16.786 DEBUG 14768 --- [main] mao.ajax_request.AjaxRequestApplication  : Running with Spring Boot v2.6.6, Spring v5.3.18
2022-04-13 22:41:16.786  INFO 14768 --- [main] mao.ajax_request.AjaxRequestApplication  : The following 1 profile is active: "dev"
2022-04-13 22:41:17.376  INFO 14768 --- [main] o.s.b.w.embedded.tomcat.TomcatWebServer  : Tomcat initialized with port(s): 8080 (http)
2022-04-13 22:41:17.383  INFO 14768 --- [main] o.apache.catalina.core.StandardService   : Starting service [Tomcat]
2022-04-13 22:41:17.383  INFO 14768 --- [main] org.apache.catalina.core.StandardEngine  : Starting Servlet engine: [Apache Tomcat/9.0.60]
2022-04-13 22:41:17.455  INFO 14768 --- [main] o.a.c.c.C.[Tomcat].[localhost].[/]       : Initializing Spring embedded WebApplicationContext
2022-04-13 22:41:17.455  INFO 14768 --- [main] w.s.c.ServletWebServerApplicationContext : Root WebApplicationContext: initialization completed in 632 ms
